<testsuites id="" name="" tests="129" failures="30" skipped="0" errors="0" time="49.63521499999985">
<testsuite name="api.spec.ts" timestamp="2025-08-20T08:43:15.650Z" hostname="chromium" tests="28" failures="13" skipped="0" time="34.699" errors="0">
<testcase name="API Endpoints Tests › Health Check Endpoints › should respond to main health endpoint" classname="api.spec.ts" time="0.807">
<failure message="api.spec.ts:6:9 should respond to main health endpoint" type="FAILURE">
<![CDATA[  [chromium] › api.spec.ts:6:9 › API Endpoints Tests › Health Check Endpoints › should respond to main health endpoint 

    Error: expect(received).toBe(expected) // Object.is equality

    Expected: 200
    Received: 503

       7 |       const response = await page.request.get('/api/health');
       8 |       
    >  9 |       expect(response.status()).toBe(200);
         |                                 ^
      10 |       
      11 |       const data = await response.json();
      12 |       expect(data.status).toBe('ok');
        at /Users/ptpsolutionteam/GitLab/jongque/tests/api.spec.ts:9:33

    attachment #1: screenshot (image/png) ──────────────────────────────────────────────────────────
    ../test-results/api-API-Endpoints-Tests-He-3a12d-ond-to-main-health-endpoint-chromium/test-failed-1.png
    ────────────────────────────────────────────────────────────────────────────────────────────────

    attachment #2: video (video/webm) ──────────────────────────────────────────────────────────────
    ../test-results/api-API-Endpoints-Tests-He-3a12d-ond-to-main-health-endpoint-chromium/video.webm
    ────────────────────────────────────────────────────────────────────────────────────────────────
]]>
</failure>
<system-out>
<![CDATA[
[[ATTACHMENT|api-API-Endpoints-Tests-He-3a12d-ond-to-main-health-endpoint-chromium/test-failed-1.png]]

[[ATTACHMENT|api-API-Endpoints-Tests-He-3a12d-ond-to-main-health-endpoint-chromium/video.webm]]
]]>
</system-out>
</testcase>
<testcase name="API Endpoints Tests › Health Check Endpoints › should respond to simple health endpoint" classname="api.spec.ts" time="0.393">
</testcase>
<testcase name="API Endpoints Tests › Health Check Endpoints › should have proper response times" classname="api.spec.ts" time="0.807">
<failure message="api.spec.ts:38:9 should have proper response times" type="FAILURE">
<![CDATA[  [chromium] › api.spec.ts:38:9 › API Endpoints Tests › Health Check Endpoints › should have proper response times 

    Error: expect(received).toBe(expected) // Object.is equality

    Expected: 200
    Received: 503

      41 |       const endTime = Date.now();
      42 |       
    > 43 |       expect(response.status()).toBe(200);
         |                                 ^
      44 |       
      45 |       const responseTime = endTime - startTime;
      46 |       expect(responseTime).toBeLessThan(1000); // Should respond within 1 second
        at /Users/ptpsolutionteam/GitLab/jongque/tests/api.spec.ts:43:33

    attachment #1: screenshot (image/png) ──────────────────────────────────────────────────────────
    ../test-results/api-API-Endpoints-Tests-He-68870--have-proper-response-times-chromium/test-failed-1.png
    ────────────────────────────────────────────────────────────────────────────────────────────────

    attachment #2: video (video/webm) ──────────────────────────────────────────────────────────────
    ../test-results/api-API-Endpoints-Tests-He-68870--have-proper-response-times-chromium/video.webm
    ────────────────────────────────────────────────────────────────────────────────────────────────
]]>
</failure>
<system-out>
<![CDATA[
[[ATTACHMENT|api-API-Endpoints-Tests-He-68870--have-proper-response-times-chromium/test-failed-1.png]]

[[ATTACHMENT|api-API-Endpoints-Tests-He-68870--have-proper-response-times-chromium/video.webm]]
]]>
</system-out>
</testcase>
<testcase name="API Endpoints Tests › Authentication API Endpoints › should provide NextAuth providers" classname="api.spec.ts" time="0.795">
</testcase>
<testcase name="API Endpoints Tests › Authentication API Endpoints › should provide session endpoint" classname="api.spec.ts" time="0.787">
</testcase>
<testcase name="API Endpoints Tests › Authentication API Endpoints › should provide CSRF token" classname="api.spec.ts" time="0.783">
</testcase>
<testcase name="API Endpoints Tests › Authentication API Endpoints › should handle OAuth callback endpoints" classname="api.spec.ts" time="3.407">
<failure message="api.spec.ts:102:9 should handle OAuth callback endpoints" type="FAILURE">
<![CDATA[  [chromium] › api.spec.ts:102:9 › API Endpoints Tests › Authentication API Endpoints › should handle OAuth callback endpoints 

    Error: expect(received).toContain(expected) // indexOf

    Expected value: 200
    Received array: [400, 302, 307]

      107 |         
      108 |         // Should return 400 (bad request) or redirect, not 404
    > 109 |         expect([400, 302, 307]).toContain(response.status());
          |                                 ^
      110 |       }
      111 |     });
      112 |
        at /Users/ptpsolutionteam/GitLab/jongque/tests/api.spec.ts:109:33

    attachment #1: screenshot (image/png) ──────────────────────────────────────────────────────────
    ../test-results/api-API-Endpoints-Tests-Au-dbbca-le-OAuth-callback-endpoints-chromium/test-failed-1.png
    ────────────────────────────────────────────────────────────────────────────────────────────────

    attachment #2: video (video/webm) ──────────────────────────────────────────────────────────────
    ../test-results/api-API-Endpoints-Tests-Au-dbbca-le-OAuth-callback-endpoints-chromium/video.webm
    ────────────────────────────────────────────────────────────────────────────────────────────────
]]>
</failure>
<system-out>
<![CDATA[
[[ATTACHMENT|api-API-Endpoints-Tests-Au-dbbca-le-OAuth-callback-endpoints-chromium/test-failed-1.png]]

[[ATTACHMENT|api-API-Endpoints-Tests-Au-dbbca-le-OAuth-callback-endpoints-chromium/video.webm]]
]]>
</system-out>
</testcase>
<testcase name="API Endpoints Tests › Authentication API Endpoints › should handle signin endpoint" classname="api.spec.ts" time="0.876">
</testcase>
<testcase name="API Endpoints Tests › Authentication API Endpoints › should handle signout endpoint" classname="api.spec.ts" time="1.492">
</testcase>
<testcase name="API Endpoints Tests › User Registration API › should handle registration endpoint" classname="api.spec.ts" time="1.481">
<failure message="api.spec.ts:129:9 should handle registration endpoint" type="FAILURE">
<![CDATA[  [chromium] › api.spec.ts:129:9 › API Endpoints Tests › User Registration API › should handle registration endpoint 

    Error: expect(received).toHaveProperty(path)

    Expected path: "error"
    Received path: []

    Received value: {"errors": [{"field": "role", "message": "Invalid input"}], "message": "ข้อมูลไม่ถูกต้อง", "success": false}

      141 |       if (response.status() === 400) {
      142 |         const error = await response.json();
    > 143 |         expect(error).toHaveProperty('error');
          |                       ^
      144 |       }
      145 |     });
      146 |
        at /Users/ptpsolutionteam/GitLab/jongque/tests/api.spec.ts:143:23

    attachment #1: screenshot (image/png) ──────────────────────────────────────────────────────────
    ../test-results/api-API-Endpoints-Tests-Us-f0570-andle-registration-endpoint-chromium/test-failed-1.png
    ────────────────────────────────────────────────────────────────────────────────────────────────

    attachment #2: video (video/webm) ──────────────────────────────────────────────────────────────
    ../test-results/api-API-Endpoints-Tests-Us-f0570-andle-registration-endpoint-chromium/video.webm
    ────────────────────────────────────────────────────────────────────────────────────────────────
]]>
</failure>
<system-out>
<![CDATA[
[[ATTACHMENT|api-API-Endpoints-Tests-Us-f0570-andle-registration-endpoint-chromium/test-failed-1.png]]

[[ATTACHMENT|api-API-Endpoints-Tests-Us-f0570-andle-registration-endpoint-chromium/video.webm]]
]]>
</system-out>
</testcase>
<testcase name="API Endpoints Tests › User Registration API › should validate registration data" classname="api.spec.ts" time="1.473">
<failure message="api.spec.ts:147:9 should validate registration data" type="FAILURE">
<![CDATA[  [chromium] › api.spec.ts:147:9 › API Endpoints Tests › User Registration API › should validate registration data 

    Error: expect(received).toHaveProperty(path)

    Expected path: "error"
    Received path: []

    Received value: {"errors": [{"field": "name", "message": "ชื่อต้องมีอย่างน้อย 2 ตัวอักษร"}, {"field": "email", "message": "รูปแบบอีเมลไม่ถูกต้อง"}, {"field": "password", "message": "รหัสผ่านต้องมีอย่างน้อย 6 ตัวอักษร"}, {"field": "role", "message": "Invalid input"}], "message": "ข้อมูลไม่ถูกต้อง", "success": false}

      158 |       
      159 |       const error = await response.json();
    > 160 |       expect(error).toHaveProperty('error');
          |                     ^
      161 |     });
      162 |
      163 |     test('should validate email format', async ({ page }) => {
        at /Users/ptpsolutionteam/GitLab/jongque/tests/api.spec.ts:160:21

    attachment #1: screenshot (image/png) ──────────────────────────────────────────────────────────
    ../test-results/api-API-Endpoints-Tests-Us-3d0e4--validate-registration-data-chromium/test-failed-1.png
    ────────────────────────────────────────────────────────────────────────────────────────────────

    attachment #2: video (video/webm) ──────────────────────────────────────────────────────────────
    ../test-results/api-API-Endpoints-Tests-Us-3d0e4--validate-registration-data-chromium/video.webm
    ────────────────────────────────────────────────────────────────────────────────────────────────
]]>
</failure>
<system-out>
<![CDATA[
[[ATTACHMENT|api-API-Endpoints-Tests-Us-3d0e4--validate-registration-data-chromium/test-failed-1.png]]

[[ATTACHMENT|api-API-Endpoints-Tests-Us-3d0e4--validate-registration-data-chromium/video.webm]]
]]>
</system-out>
</testcase>
<testcase name="API Endpoints Tests › User Registration API › should validate email format" classname="api.spec.ts" time="1.067">
<failure message="api.spec.ts:163:9 should validate email format" type="FAILURE">
<![CDATA[  [chromium] › api.spec.ts:163:9 › API Endpoints Tests › User Registration API › should validate email format 

    Error: expect(received).toHaveProperty(path)

    Expected path: "error"
    Received path: []

    Received value: {"errors": [{"field": "email", "message": "รูปแบบอีเมลไม่ถูกต้อง"}, {"field": "role", "message": "Invalid input"}], "message": "ข้อมูลไม่ถูกต้อง", "success": false}

      173 |       
      174 |       const error = await response.json();
    > 175 |       expect(error).toHaveProperty('error');
          |                     ^
      176 |     });
      177 |   });
      178 |
        at /Users/ptpsolutionteam/GitLab/jongque/tests/api.spec.ts:175:21

    attachment #1: screenshot (image/png) ──────────────────────────────────────────────────────────
    ../test-results/api-API-Endpoints-Tests-Us-3388d-hould-validate-email-format-chromium/test-failed-1.png
    ────────────────────────────────────────────────────────────────────────────────────────────────

    attachment #2: video (video/webm) ──────────────────────────────────────────────────────────────
    ../test-results/api-API-Endpoints-Tests-Us-3388d-hould-validate-email-format-chromium/video.webm
    ────────────────────────────────────────────────────────────────────────────────────────────────
]]>
</failure>
<system-out>
<![CDATA[
[[ATTACHMENT|api-API-Endpoints-Tests-Us-3388d-hould-validate-email-format-chromium/test-failed-1.png]]

[[ATTACHMENT|api-API-Endpoints-Tests-Us-3388d-hould-validate-email-format-chromium/video.webm]]
]]>
</system-out>
</testcase>
<testcase name="API Endpoints Tests › Redis Test API › should handle Redis test endpoint" classname="api.spec.ts" time="1.079">
<failure message="api.spec.ts:180:9 should handle Redis test endpoint" type="FAILURE">
<![CDATA[  [chromium] › api.spec.ts:180:9 › API Endpoints Tests › Redis Test API › should handle Redis test endpoint 

    Error: expect(received).toBe(expected) // Object.is equality

    Expected: "success"
    Received: "Redis Test API is running"

      188 |       
      189 |       if (response.status() === 200) {
    > 190 |         expect(data.status).toBe('success');
          |                             ^
      191 |         expect(data).toHaveProperty('redis');
      192 |       } else {
      193 |         expect(data.status).toBe('error');
        at /Users/ptpsolutionteam/GitLab/jongque/tests/api.spec.ts:190:29

    attachment #1: screenshot (image/png) ──────────────────────────────────────────────────────────
    ../test-results/api-API-Endpoints-Tests-Re-b0361--handle-Redis-test-endpoint-chromium/test-failed-1.png
    ────────────────────────────────────────────────────────────────────────────────────────────────

    attachment #2: video (video/webm) ──────────────────────────────────────────────────────────────
    ../test-results/api-API-Endpoints-Tests-Re-b0361--handle-Redis-test-endpoint-chromium/video.webm
    ────────────────────────────────────────────────────────────────────────────────────────────────
]]>
</failure>
<system-out>
<![CDATA[
[[ATTACHMENT|api-API-Endpoints-Tests-Re-b0361--handle-Redis-test-endpoint-chromium/test-failed-1.png]]

[[ATTACHMENT|api-API-Endpoints-Tests-Re-b0361--handle-Redis-test-endpoint-chromium/video.webm]]
]]>
</system-out>
</testcase>
<testcase name="API Endpoints Tests › Admin API Endpoints › should have admin database setup endpoint" classname="api.spec.ts" time="0.698">
</testcase>
<testcase name="API Endpoints Tests › Admin API Endpoints › should have admin migration endpoint" classname="api.spec.ts" time="0.826">
</testcase>
<testcase name="API Endpoints Tests › Admin API Endpoints › should have admin manual migration endpoint" classname="api.spec.ts" time="0.512">
</testcase>
<testcase name="API Endpoints Tests › Admin API Endpoints › should have admin password reset endpoint" classname="api.spec.ts" time="4.174">
</testcase>
<testcase name="API Endpoints Tests › API Error Handling › should handle non-existent API endpoints" classname="api.spec.ts" time="4.445">
</testcase>
<testcase name="API Endpoints Tests › API Error Handling › should handle invalid HTTP methods" classname="api.spec.ts" time="0.252">
</testcase>
<testcase name="API Endpoints Tests › API Error Handling › should handle malformed JSON requests" classname="api.spec.ts" time="0.235">
</testcase>
<testcase name="API Endpoints Tests › API Security › should have proper CORS headers" classname="api.spec.ts" time="0.547">
<failure message="api.spec.ts:260:9 should have proper CORS headers" type="FAILURE">
<![CDATA[  [chromium] › api.spec.ts:260:9 › API Endpoints Tests › API Security › should have proper CORS headers 

    Error: expect(received).toBe(expected) // Object.is equality

    Expected: 200
    Received: 503

      261 |       const response = await page.request.get('/api/health');
      262 |       
    > 263 |       expect(response.status()).toBe(200);
          |                                 ^
      264 |       
      265 |       // Check for security headers (might be set by Next.js)
      266 |       const headers = response.headers();
        at /Users/ptpsolutionteam/GitLab/jongque/tests/api.spec.ts:263:33

    attachment #1: screenshot (image/png) ──────────────────────────────────────────────────────────
    ../test-results/api-API-Endpoints-Tests-AP-52bf7-ld-have-proper-CORS-headers-chromium/test-failed-1.png
    ────────────────────────────────────────────────────────────────────────────────────────────────

    attachment #2: video (video/webm) ──────────────────────────────────────────────────────────────
    ../test-results/api-API-Endpoints-Tests-AP-52bf7-ld-have-proper-CORS-headers-chromium/video.webm
    ────────────────────────────────────────────────────────────────────────────────────────────────
]]>
</failure>
<system-out>
<![CDATA[
[[ATTACHMENT|api-API-Endpoints-Tests-AP-52bf7-ld-have-proper-CORS-headers-chromium/test-failed-1.png]]

[[ATTACHMENT|api-API-Endpoints-Tests-AP-52bf7-ld-have-proper-CORS-headers-chromium/video.webm]]
]]>
</system-out>
</testcase>
<testcase name="API Endpoints Tests › API Security › should not expose sensitive information" classname="api.spec.ts" time="1.429">
</testcase>
<testcase name="API Endpoints Tests › API Security › should handle rate limiting gracefully" classname="api.spec.ts" time="1.279">
<failure message="api.spec.ts:284:9 should handle rate limiting gracefully" type="FAILURE">
<![CDATA[  [chromium] › api.spec.ts:284:9 › API Endpoints Tests › API Security › should handle rate limiting gracefully 

    Error: expect(received).toContain(expected) // indexOf

    Expected value: 503
    Received array: [200, 429]

      293 |       // All should succeed or some might be rate limited
      294 |       for (const response of responses) {
    > 295 |         expect([200, 429]).toContain(response.status());
          |                            ^
      296 |       }
      297 |     });
      298 |   });
        at /Users/ptpsolutionteam/GitLab/jongque/tests/api.spec.ts:295:28

    attachment #1: screenshot (image/png) ──────────────────────────────────────────────────────────
    ../test-results/api-API-Endpoints-Tests-AP-cee32-le-rate-limiting-gracefully-chromium/test-failed-1.png
    ────────────────────────────────────────────────────────────────────────────────────────────────

    attachment #2: video (video/webm) ──────────────────────────────────────────────────────────────
    ../test-results/api-API-Endpoints-Tests-AP-cee32-le-rate-limiting-gracefully-chromium/video.webm
    ────────────────────────────────────────────────────────────────────────────────────────────────
]]>
</failure>
<system-out>
<![CDATA[
[[ATTACHMENT|api-API-Endpoints-Tests-AP-cee32-le-rate-limiting-gracefully-chromium/test-failed-1.png]]

[[ATTACHMENT|api-API-Endpoints-Tests-AP-cee32-le-rate-limiting-gracefully-chromium/video.webm]]
]]>
</system-out>
</testcase>
<testcase name="API Endpoints Tests › API Performance › should respond quickly to health checks" classname="api.spec.ts" time="1.285">
<failure message="api.spec.ts:301:9 should respond quickly to health checks" type="FAILURE">
<![CDATA[  [chromium] › api.spec.ts:301:9 › API Endpoints Tests › API Performance › should respond quickly to health checks 

    Error: expect(received).toBeLessThan(expected)

    Expected: < 500
    Received:   1196

      307 |       
      308 |       const responseTime = endTime - startTime;
    > 309 |       expect(responseTime).toBeLessThan(500); // Should respond within 500ms
          |                            ^
      310 |     });
      311 |
      312 |     test('should handle concurrent requests', async ({ page }) => {
        at /Users/ptpsolutionteam/GitLab/jongque/tests/api.spec.ts:309:28

    attachment #1: screenshot (image/png) ──────────────────────────────────────────────────────────
    ../test-results/api-API-Endpoints-Tests-AP-a0e54-nd-quickly-to-health-checks-chromium/test-failed-1.png
    ────────────────────────────────────────────────────────────────────────────────────────────────

    attachment #2: video (video/webm) ──────────────────────────────────────────────────────────────
    ../test-results/api-API-Endpoints-Tests-AP-a0e54-nd-quickly-to-health-checks-chromium/video.webm
    ────────────────────────────────────────────────────────────────────────────────────────────────
]]>
</failure>
<system-out>
<![CDATA[
[[ATTACHMENT|api-API-Endpoints-Tests-AP-a0e54-nd-quickly-to-health-checks-chromium/test-failed-1.png]]

[[ATTACHMENT|api-API-Endpoints-Tests-AP-a0e54-nd-quickly-to-health-checks-chromium/video.webm]]
]]>
</system-out>
</testcase>
<testcase name="API Endpoints Tests › API Performance › should handle concurrent requests" classname="api.spec.ts" time="1.309">
<failure message="api.spec.ts:312:9 should handle concurrent requests" type="FAILURE">
<![CDATA[  [chromium] › api.spec.ts:312:9 › API Endpoints Tests › API Performance › should handle concurrent requests 

    Error: expect(received).toBe(expected) // Object.is equality

    Expected: 200
    Received: 503

      324 |       // All requests should succeed
      325 |       for (const response of responses) {
    > 326 |         expect(response.status()).toBe(200);
          |                                   ^
      327 |       }
      328 |       
      329 |       // Total time should be reasonable
        at /Users/ptpsolutionteam/GitLab/jongque/tests/api.spec.ts:326:35

    attachment #1: screenshot (image/png) ──────────────────────────────────────────────────────────
    ../test-results/api-API-Endpoints-Tests-AP-c50e9--handle-concurrent-requests-chromium/test-failed-1.png
    ────────────────────────────────────────────────────────────────────────────────────────────────

    attachment #2: video (video/webm) ──────────────────────────────────────────────────────────────
    ../test-results/api-API-Endpoints-Tests-AP-c50e9--handle-concurrent-requests-chromium/video.webm
    ────────────────────────────────────────────────────────────────────────────────────────────────
]]>
</failure>
<system-out>
<![CDATA[
[[ATTACHMENT|api-API-Endpoints-Tests-AP-c50e9--handle-concurrent-requests-chromium/test-failed-1.png]]

[[ATTACHMENT|api-API-Endpoints-Tests-AP-c50e9--handle-concurrent-requests-chromium/video.webm]]
]]>
</system-out>
</testcase>
<testcase name="API Endpoints Tests › API Response Formats › should return proper JSON responses" classname="api.spec.ts" time="1.23">
<failure message="api.spec.ts:336:9 should return proper JSON responses" type="FAILURE">
<![CDATA[  [chromium] › api.spec.ts:336:9 › API Endpoints Tests › API Response Formats › should return proper JSON responses 

    Error: expect(received).toBe(expected) // Object.is equality

    Expected: 200
    Received: 503

      337 |       const response = await page.request.get('/api/health');
      338 |       
    > 339 |       expect(response.status()).toBe(200);
          |                                 ^
      340 |       
      341 |       const contentType = response.headers()['content-type'];
      342 |       expect(contentType).toContain('application/json');
        at /Users/ptpsolutionteam/GitLab/jongque/tests/api.spec.ts:339:33

    attachment #1: screenshot (image/png) ──────────────────────────────────────────────────────────
    ../test-results/api-API-Endpoints-Tests-AP-5bf51-eturn-proper-JSON-responses-chromium/test-failed-1.png
    ────────────────────────────────────────────────────────────────────────────────────────────────

    attachment #2: video (video/webm) ──────────────────────────────────────────────────────────────
    ../test-results/api-API-Endpoints-Tests-AP-5bf51-eturn-proper-JSON-responses-chromium/video.webm
    ────────────────────────────────────────────────────────────────────────────────────────────────
]]>
</failure>
<system-out>
<![CDATA[
[[ATTACHMENT|api-API-Endpoints-Tests-AP-5bf51-eturn-proper-JSON-responses-chromium/test-failed-1.png]]

[[ATTACHMENT|api-API-Endpoints-Tests-AP-5bf51-eturn-proper-JSON-responses-chromium/video.webm]]
]]>
</system-out>
</testcase>
<testcase name="API Endpoints Tests › API Response Formats › should return proper text responses" classname="api.spec.ts" time="0.587">
<failure message="api.spec.ts:348:9 should return proper text responses" type="FAILURE">
<![CDATA[  [chromium] › api.spec.ts:348:9 › API Endpoints Tests › API Response Formats › should return proper text responses 

    Error: expect(received).toContain(expected) // indexOf

    Expected substring: "text/plain"
    Received string:    "application/json"

      352 |       
      353 |       const contentType = response.headers()['content-type'];
    > 354 |       expect(contentType).toContain('text/plain');
          |                           ^
      355 |       
      356 |       const text = await response.text();
      357 |       expect(typeof text).toBe('string');
        at /Users/ptpsolutionteam/GitLab/jongque/tests/api.spec.ts:354:27

    attachment #1: screenshot (image/png) ──────────────────────────────────────────────────────────
    ../test-results/api-API-Endpoints-Tests-AP-925e6-eturn-proper-text-responses-chromium/test-failed-1.png
    ────────────────────────────────────────────────────────────────────────────────────────────────

    attachment #2: video (video/webm) ──────────────────────────────────────────────────────────────
    ../test-results/api-API-Endpoints-Tests-AP-925e6-eturn-proper-text-responses-chromium/video.webm
    ────────────────────────────────────────────────────────────────────────────────────────────────
]]>
</failure>
<system-out>
<![CDATA[
[[ATTACHMENT|api-API-Endpoints-Tests-AP-925e6-eturn-proper-text-responses-chromium/test-failed-1.png]]

[[ATTACHMENT|api-API-Endpoints-Tests-AP-925e6-eturn-proper-text-responses-chromium/video.webm]]
]]>
</system-out>
</testcase>
<testcase name="API Endpoints Tests › API Response Formats › should handle OPTIONS requests for CORS" classname="api.spec.ts" time="0.644">
</testcase>
</testsuite>
<testsuite name="basic.spec.ts" timestamp="2025-08-20T08:43:15.650Z" hostname="chromium" tests="19" failures="6" skipped="0" time="85.258" errors="0">
<testcase name="JongQue Core Functionality Tests › Basic Page Loading › should display homepage with correct content" classname="basic.spec.ts" time="9.367">
<failure message="basic.spec.ts:6:9 should display homepage with correct content" type="FAILURE">
<![CDATA[  [chromium] › basic.spec.ts:6:9 › JongQue Core Functionality Tests › Basic Page Loading › should display homepage with correct content 

    Error: Timed out 5000ms waiting for expect(locator).toBeVisible()

    Locator: locator('a[href="/signin"]')
    Expected: visible
    Received: <element(s) not found>
    Call log:
      - Expect "toBeVisible" with timeout 5000ms
      - waiting for locator('a[href="/signin"]')


      31 |       
      32 |       // Check main action buttons
    > 33 |       await expect(page.locator('a[href="/signin"]')).toBeVisible();
         |                                                       ^
      34 |       await expect(page.locator('a[href="/signup"]')).toBeVisible();
      35 |     });
      36 |
        at /Users/ptpsolutionteam/GitLab/jongque/tests/basic.spec.ts:33:55

    attachment #1: screenshot (image/png) ──────────────────────────────────────────────────────────
    ../test-results/basic-JongQue-Core-Functio-dfdb5-mepage-with-correct-content-chromium/test-failed-1.png
    ────────────────────────────────────────────────────────────────────────────────────────────────

    attachment #2: video (video/webm) ──────────────────────────────────────────────────────────────
    ../test-results/basic-JongQue-Core-Functio-dfdb5-mepage-with-correct-content-chromium/video.webm
    ────────────────────────────────────────────────────────────────────────────────────────────────

    Error Context: ../test-results/basic-JongQue-Core-Functio-dfdb5-mepage-with-correct-content-chromium/error-context.md
]]>
</failure>
<system-out>
<![CDATA[
[[ATTACHMENT|basic-JongQue-Core-Functio-dfdb5-mepage-with-correct-content-chromium/test-failed-1.png]]

[[ATTACHMENT|basic-JongQue-Core-Functio-dfdb5-mepage-with-correct-content-chromium/video.webm]]

[[ATTACHMENT|basic-JongQue-Core-Functio-dfdb5-mepage-with-correct-content-chromium/error-context.md]]
]]>
</system-out>
</testcase>
<testcase name="JongQue Core Functionality Tests › Basic Page Loading › should navigate between pages successfully" classname="basic.spec.ts" time="30.344">
<failure message="basic.spec.ts:37:9 should navigate between pages successfully" type="FAILURE">
<![CDATA[  [chromium] › basic.spec.ts:37:9 › JongQue Core Functionality Tests › Basic Page Loading › should navigate between pages successfully 

    Test timeout of 30000ms exceeded.

    Error: page.click: Test timeout of 30000ms exceeded.
    Call log:
      - waiting for locator('a[href="/signin"]')


      41 |       
      42 |       // Navigate to signin
    > 43 |       await page.click('a[href="/signin"]');
         |                  ^
      44 |       await expect(page).toHaveURL('/signin');
      45 |       
      46 |       // Navigate to signup from signin
        at /Users/ptpsolutionteam/GitLab/jongque/tests/basic.spec.ts:43:18

    attachment #1: screenshot (image/png) ──────────────────────────────────────────────────────────
    ../test-results/basic-JongQue-Core-Functio-88982--between-pages-successfully-chromium/test-failed-1.png
    ────────────────────────────────────────────────────────────────────────────────────────────────

    attachment #2: video (video/webm) ──────────────────────────────────────────────────────────────
    ../test-results/basic-JongQue-Core-Functio-88982--between-pages-successfully-chromium/video.webm
    ────────────────────────────────────────────────────────────────────────────────────────────────

    Error Context: ../test-results/basic-JongQue-Core-Functio-88982--between-pages-successfully-chromium/error-context.md
]]>
</failure>
<system-out>
<![CDATA[
[[ATTACHMENT|basic-JongQue-Core-Functio-88982--between-pages-successfully-chromium/test-failed-1.png]]

[[ATTACHMENT|basic-JongQue-Core-Functio-88982--between-pages-successfully-chromium/video.webm]]

[[ATTACHMENT|basic-JongQue-Core-Functio-88982--between-pages-successfully-chromium/error-context.md]]
]]>
</system-out>
</testcase>
<testcase name="JongQue Core Functionality Tests › Authentication Pages › should display signin page correctly" classname="basic.spec.ts" time="8.653">
<failure message="basic.spec.ts:57:9 should display signin page correctly" type="FAILURE">
<![CDATA[  [chromium] › basic.spec.ts:57:9 › JongQue Core Functionality Tests › Authentication Pages › should display signin page correctly 

    Error: Timed out 5000ms waiting for expect(locator).toContainText(expected)

    Locator: locator('h1')
    Expected string: "เข้าสู่ระบบ"
    Received: <element(s) not found>
    Call log:
      - Expect "toContainText" with timeout 5000ms
      - waiting for locator('h1')


      63 |       
      64 |       // Check page title
    > 65 |       await expect(page.locator('h1')).toContainText('เข้าสู่ระบบ');
         |                                        ^
      66 |       
      67 |       // Check form elements
      68 |       await expect(page.locator('input#email')).toBeVisible();
        at /Users/ptpsolutionteam/GitLab/jongque/tests/basic.spec.ts:65:40

    attachment #1: screenshot (image/png) ──────────────────────────────────────────────────────────
    ../test-results/basic-JongQue-Core-Functio-f81be-splay-signin-page-correctly-chromium/test-failed-1.png
    ────────────────────────────────────────────────────────────────────────────────────────────────

    attachment #2: video (video/webm) ──────────────────────────────────────────────────────────────
    ../test-results/basic-JongQue-Core-Functio-f81be-splay-signin-page-correctly-chromium/video.webm
    ────────────────────────────────────────────────────────────────────────────────────────────────

    Error Context: ../test-results/basic-JongQue-Core-Functio-f81be-splay-signin-page-correctly-chromium/error-context.md
]]>
</failure>
<system-out>
<![CDATA[
[[ATTACHMENT|basic-JongQue-Core-Functio-f81be-splay-signin-page-correctly-chromium/test-failed-1.png]]

[[ATTACHMENT|basic-JongQue-Core-Functio-f81be-splay-signin-page-correctly-chromium/video.webm]]

[[ATTACHMENT|basic-JongQue-Core-Functio-f81be-splay-signin-page-correctly-chromium/error-context.md]]
]]>
</system-out>
</testcase>
<testcase name="JongQue Core Functionality Tests › Authentication Pages › should display signup page correctly" classname="basic.spec.ts" time="8.669">
<failure message="basic.spec.ts:84:9 should display signup page correctly" type="FAILURE">
<![CDATA[  [chromium] › basic.spec.ts:84:9 › JongQue Core Functionality Tests › Authentication Pages › should display signup page correctly 

    Error: Timed out 5000ms waiting for expect(locator).toContainText(expected)

    Locator: locator('h1')
    Expected string: "สมัครสมาชิก"
    Received: <element(s) not found>
    Call log:
      - Expect "toContainText" with timeout 5000ms
      - waiting for locator('h1')


      90 |       
      91 |       // Check page title
    > 92 |       await expect(page.locator('h1')).toContainText('สมัครสมาชิก');
         |                                        ^
      93 |       
      94 |       // Check form elements
      95 |       await expect(page.locator('input#name')).toBeVisible();
        at /Users/ptpsolutionteam/GitLab/jongque/tests/basic.spec.ts:92:40

    attachment #1: screenshot (image/png) ──────────────────────────────────────────────────────────
    ../test-results/basic-JongQue-Core-Functio-77f60-splay-signup-page-correctly-chromium/test-failed-1.png
    ────────────────────────────────────────────────────────────────────────────────────────────────

    attachment #2: video (video/webm) ──────────────────────────────────────────────────────────────
    ../test-results/basic-JongQue-Core-Functio-77f60-splay-signup-page-correctly-chromium/video.webm
    ────────────────────────────────────────────────────────────────────────────────────────────────

    Error Context: ../test-results/basic-JongQue-Core-Functio-77f60-splay-signup-page-correctly-chromium/error-context.md
]]>
</failure>
<system-out>
<![CDATA[
[[ATTACHMENT|basic-JongQue-Core-Functio-77f60-splay-signup-page-correctly-chromium/test-failed-1.png]]

[[ATTACHMENT|basic-JongQue-Core-Functio-77f60-splay-signup-page-correctly-chromium/video.webm]]

[[ATTACHMENT|basic-JongQue-Core-Functio-77f60-splay-signup-page-correctly-chromium/error-context.md]]
]]>
</system-out>
</testcase>
<testcase name="JongQue Core Functionality Tests › Authentication Pages › should validate form inputs" classname="basic.spec.ts" time="3.841">
</testcase>
<testcase name="JongQue Core Functionality Tests › Test Pages Functionality › should display all test pages" classname="basic.spec.ts" time="7.225">
</testcase>
<testcase name="JongQue Core Functionality Tests › Test Pages Functionality › should have functional UI components test page" classname="basic.spec.ts" time="7.276">
<failure message="basic.spec.ts:154:9 should have functional UI components test page" type="FAILURE">
<![CDATA[  [chromium] › basic.spec.ts:154:9 › JongQue Core Functionality Tests › Test Pages Functionality › should have functional UI components test page 

    Error: Timed out 5000ms waiting for expect(locator).toBeVisible()

    Locator: locator('text=Basic Components')
    Expected: visible
    Received: <element(s) not found>
    Call log:
      - Expect "toBeVisible" with timeout 5000ms
      - waiting for locator('text=Basic Components')


      166 |       
      167 |       await page.click('button:has-text("Components")');
    > 168 |       await expect(page.locator('text=Basic Components')).toBeVisible();
          |                                                           ^
      169 |     });
      170 |
      171 |     test('should display Google OAuth test page', async ({ page }) => {
        at /Users/ptpsolutionteam/GitLab/jongque/tests/basic.spec.ts:168:59

    attachment #1: screenshot (image/png) ──────────────────────────────────────────────────────────
    ../test-results/basic-JongQue-Core-Functio-a73b2-nal-UI-components-test-page-chromium/test-failed-1.png
    ────────────────────────────────────────────────────────────────────────────────────────────────

    attachment #2: video (video/webm) ──────────────────────────────────────────────────────────────
    ../test-results/basic-JongQue-Core-Functio-a73b2-nal-UI-components-test-page-chromium/video.webm
    ────────────────────────────────────────────────────────────────────────────────────────────────

    Error Context: ../test-results/basic-JongQue-Core-Functio-a73b2-nal-UI-components-test-page-chromium/error-context.md
]]>
</failure>
<system-out>
<![CDATA[
[[ATTACHMENT|basic-JongQue-Core-Functio-a73b2-nal-UI-components-test-page-chromium/test-failed-1.png]]

[[ATTACHMENT|basic-JongQue-Core-Functio-a73b2-nal-UI-components-test-page-chromium/video.webm]]

[[ATTACHMENT|basic-JongQue-Core-Functio-a73b2-nal-UI-components-test-page-chromium/error-context.md]]
]]>
</system-out>
</testcase>
<testcase name="JongQue Core Functionality Tests › Test Pages Functionality › should display Google OAuth test page" classname="basic.spec.ts" time="1.599">
</testcase>
<testcase name="JongQue Core Functionality Tests › API Endpoints › should have working health endpoints" classname="basic.spec.ts" time="0.503">
<failure message="basic.spec.ts:185:9 should have working health endpoints" type="FAILURE">
<![CDATA[  [chromium] › basic.spec.ts:185:9 › JongQue Core Functionality Tests › API Endpoints › should have working health endpoints 

    Error: expect(received).toBe(expected) // Object.is equality

    Expected: 200
    Received: 503

      186 |       // Test main health endpoint
      187 |       const healthResponse = await page.request.get('/api/health');
    > 188 |       expect(healthResponse.status()).toBe(200);
          |                                       ^
      189 |       
      190 |       const healthData = await healthResponse.json();
      191 |       expect(healthData.status).toBe('ok');
        at /Users/ptpsolutionteam/GitLab/jongque/tests/basic.spec.ts:188:39

    attachment #1: screenshot (image/png) ──────────────────────────────────────────────────────────
    ../test-results/basic-JongQue-Core-Functio-5ce1f-ve-working-health-endpoints-chromium/test-failed-1.png
    ────────────────────────────────────────────────────────────────────────────────────────────────

    attachment #2: video (video/webm) ──────────────────────────────────────────────────────────────
    ../test-results/basic-JongQue-Core-Functio-5ce1f-ve-working-health-endpoints-chromium/video.webm
    ────────────────────────────────────────────────────────────────────────────────────────────────
]]>
</failure>
<system-out>
<![CDATA[
[[ATTACHMENT|basic-JongQue-Core-Functio-5ce1f-ve-working-health-endpoints-chromium/test-failed-1.png]]

[[ATTACHMENT|basic-JongQue-Core-Functio-5ce1f-ve-working-health-endpoints-chromium/video.webm]]
]]>
</system-out>
</testcase>
<testcase name="JongQue Core Functionality Tests › API Endpoints › should have NextAuth API endpoints" classname="basic.spec.ts" time="0.109">
</testcase>
<testcase name="JongQue Core Functionality Tests › API Endpoints › should handle Redis test endpoint" classname="basic.spec.ts" time="0.148">
</testcase>
<testcase name="JongQue Core Functionality Tests › PWA Features › should load PWA manifest correctly" classname="basic.spec.ts" time="0.079">
</testcase>
<testcase name="JongQue Core Functionality Tests › PWA Features › should have service worker files" classname="basic.spec.ts" time="0.081">
</testcase>
<testcase name="JongQue Core Functionality Tests › PWA Features › should have PWA icons" classname="basic.spec.ts" time="0.065">
</testcase>
<testcase name="JongQue Core Functionality Tests › Error Handling › should handle 404 pages" classname="basic.spec.ts" time="0.647">
</testcase>
<testcase name="JongQue Core Functionality Tests › Error Handling › should display auth error page" classname="basic.spec.ts" time="0.889">
</testcase>
<testcase name="JongQue Core Functionality Tests › Error Handling › should handle unauthorized access" classname="basic.spec.ts" time="1.459">
</testcase>
<testcase name="JongQue Core Functionality Tests › Responsive Design › should work on mobile viewport" classname="basic.spec.ts" time="2.198">
</testcase>
<testcase name="JongQue Core Functionality Tests › Responsive Design › should work on tablet viewport" classname="basic.spec.ts" time="2.106">
</testcase>
</testsuite>
<testsuite name="comprehensive.spec.ts" timestamp="2025-08-20T08:43:15.650Z" hostname="chromium" tests="26" failures="6" skipped="0" time="71.598" errors="0">
<testcase name="JongQue Application - Comprehensive Tests › Homepage and Navigation › should display homepage with all navigation elements" classname="comprehensive.spec.ts" time="5.454">
<failure message="comprehensive.spec.ts:6:9 should display homepage with all navigation elements" type="FAILURE">
<![CDATA[  [chromium] › comprehensive.spec.ts:6:9 › JongQue Application - Comprehensive Tests › Homepage and Navigation › should display homepage with all navigation elements 

    Error: Timed out 5000ms waiting for expect(locator).toBeVisible()

    Locator: locator('a[href="/signin"]')
    Expected: visible
    Received: <element(s) not found>
    Call log:
      - Expect "toBeVisible" with timeout 5000ms
      - waiting for locator('a[href="/signin"]')


      24 |       
      25 |       // Check main action buttons
    > 26 |       await expect(page.locator('a[href="/signin"]')).toBeVisible();
         |                                                       ^
      27 |       await expect(page.locator('a[href="/signup"]')).toBeVisible();
      28 |     });
      29 |
        at /Users/ptpsolutionteam/GitLab/jongque/tests/comprehensive.spec.ts:26:55

    attachment #1: screenshot (image/png) ──────────────────────────────────────────────────────────
    ../test-results/comprehensive-JongQue-Appl-0d581-ith-all-navigation-elements-chromium/test-failed-1.png
    ────────────────────────────────────────────────────────────────────────────────────────────────

    attachment #2: video (video/webm) ──────────────────────────────────────────────────────────────
    ../test-results/comprehensive-JongQue-Appl-0d581-ith-all-navigation-elements-chromium/video.webm
    ────────────────────────────────────────────────────────────────────────────────────────────────

    Error Context: ../test-results/comprehensive-JongQue-Appl-0d581-ith-all-navigation-elements-chromium/error-context.md
]]>
</failure>
<system-out>
<![CDATA[
[[ATTACHMENT|comprehensive-JongQue-Appl-0d581-ith-all-navigation-elements-chromium/test-failed-1.png]]

[[ATTACHMENT|comprehensive-JongQue-Appl-0d581-ith-all-navigation-elements-chromium/video.webm]]

[[ATTACHMENT|comprehensive-JongQue-Appl-0d581-ith-all-navigation-elements-chromium/error-context.md]]
]]>
</system-out>
</testcase>
<testcase name="JongQue Application - Comprehensive Tests › Homepage and Navigation › should navigate to all test pages successfully" classname="comprehensive.spec.ts" time="6.209">
</testcase>
<testcase name="JongQue Application - Comprehensive Tests › Authentication Pages › should display signin page with all OAuth options" classname="comprehensive.spec.ts" time="5.621">
<failure message="comprehensive.spec.ts:49:9 should display signin page with all OAuth options" type="FAILURE">
<![CDATA[  [chromium] › comprehensive.spec.ts:49:9 › JongQue Application - Comprehensive Tests › Authentication Pages › should display signin page with all OAuth options 

    Error: Timed out 5000ms waiting for expect(locator).toContainText(expected)

    Locator: locator('h1')
    Expected string: "เข้าสู่ระบบ"
    Received: <element(s) not found>
    Call log:
      - Expect "toContainText" with timeout 5000ms
      - waiting for locator('h1')


      51 |       
      52 |       // Check page title
    > 53 |       await expect(page.locator('h1')).toContainText('เข้าสู่ระบบ');
         |                                        ^
      54 |       
      55 |       // Check form elements
      56 |       await expect(page.locator('input#email')).toBeVisible();
        at /Users/ptpsolutionteam/GitLab/jongque/tests/comprehensive.spec.ts:53:40

    attachment #1: screenshot (image/png) ──────────────────────────────────────────────────────────
    ../test-results/comprehensive-JongQue-Appl-7fbb0-page-with-all-OAuth-options-chromium/test-failed-1.png
    ────────────────────────────────────────────────────────────────────────────────────────────────

    attachment #2: video (video/webm) ──────────────────────────────────────────────────────────────
    ../test-results/comprehensive-JongQue-Appl-7fbb0-page-with-all-OAuth-options-chromium/video.webm
    ────────────────────────────────────────────────────────────────────────────────────────────────

    Error Context: ../test-results/comprehensive-JongQue-Appl-7fbb0-page-with-all-OAuth-options-chromium/error-context.md
]]>
</failure>
<system-out>
<![CDATA[
[[ATTACHMENT|comprehensive-JongQue-Appl-7fbb0-page-with-all-OAuth-options-chromium/test-failed-1.png]]

[[ATTACHMENT|comprehensive-JongQue-Appl-7fbb0-page-with-all-OAuth-options-chromium/video.webm]]

[[ATTACHMENT|comprehensive-JongQue-Appl-7fbb0-page-with-all-OAuth-options-chromium/error-context.md]]
]]>
</system-out>
</testcase>
<testcase name="JongQue Application - Comprehensive Tests › Authentication Pages › should display signup page with all OAuth options" classname="comprehensive.spec.ts" time="5.62">
<failure message="comprehensive.spec.ts:69:9 should display signup page with all OAuth options" type="FAILURE">
<![CDATA[  [chromium] › comprehensive.spec.ts:69:9 › JongQue Application - Comprehensive Tests › Authentication Pages › should display signup page with all OAuth options 

    Error: Timed out 5000ms waiting for expect(locator).toContainText(expected)

    Locator: locator('h1')
    Expected string: "สมัครสมาชิก"
    Received: <element(s) not found>
    Call log:
      - Expect "toContainText" with timeout 5000ms
      - waiting for locator('h1')


      71 |       
      72 |       // Check page title
    > 73 |       await expect(page.locator('h1')).toContainText('สมัครสมาชิก');
         |                                        ^
      74 |       
      75 |       // Check form elements
      76 |       await expect(page.locator('input#name')).toBeVisible();
        at /Users/ptpsolutionteam/GitLab/jongque/tests/comprehensive.spec.ts:73:40

    attachment #1: screenshot (image/png) ──────────────────────────────────────────────────────────
    ../test-results/comprehensive-JongQue-Appl-7b135-page-with-all-OAuth-options-chromium/test-failed-1.png
    ────────────────────────────────────────────────────────────────────────────────────────────────

    attachment #2: video (video/webm) ──────────────────────────────────────────────────────────────
    ../test-results/comprehensive-JongQue-Appl-7b135-page-with-all-OAuth-options-chromium/video.webm
    ────────────────────────────────────────────────────────────────────────────────────────────────

    Error Context: ../test-results/comprehensive-JongQue-Appl-7b135-page-with-all-OAuth-options-chromium/error-context.md
]]>
</failure>
<system-out>
<![CDATA[
[[ATTACHMENT|comprehensive-JongQue-Appl-7b135-page-with-all-OAuth-options-chromium/test-failed-1.png]]

[[ATTACHMENT|comprehensive-JongQue-Appl-7b135-page-with-all-OAuth-options-chromium/video.webm]]

[[ATTACHMENT|comprehensive-JongQue-Appl-7b135-page-with-all-OAuth-options-chromium/error-context.md]]
]]>
</system-out>
</testcase>
<testcase name="JongQue Application - Comprehensive Tests › Authentication Pages › should validate signin form inputs" classname="comprehensive.spec.ts" time="0.57">
</testcase>
<testcase name="JongQue Application - Comprehensive Tests › Authentication Pages › should validate signup form inputs" classname="comprehensive.spec.ts" time="0.52">
</testcase>
<testcase name="JongQue Application - Comprehensive Tests › OAuth Testing Pages › should display Google OAuth test page" classname="comprehensive.spec.ts" time="0.843">
</testcase>
<testcase name="JongQue Application - Comprehensive Tests › OAuth Testing Pages › should display general OAuth test page" classname="comprehensive.spec.ts" time="1.367">
</testcase>
<testcase name="JongQue Application - Comprehensive Tests › UI Components Test Page › should display UI components with tab navigation" classname="comprehensive.spec.ts" time="0.565">
</testcase>
<testcase name="JongQue Application - Comprehensive Tests › UI Components Test Page › should interact with form components" classname="comprehensive.spec.ts" time="30.496">
<failure message="comprehensive.spec.ts:180:9 should interact with form components" type="FAILURE">
<![CDATA[  [chromium] › comprehensive.spec.ts:180:9 › JongQue Application - Comprehensive Tests › UI Components Test Page › should interact with form components 

    Test timeout of 30000ms exceeded.

    Error: locator.selectOption: Test timeout of 30000ms exceeded.
    Call log:
      - waiting for locator('select').first()
        - locator resolved to <select class="mt-1 block w-full rounded-md border border-gray-300 bg-white px-3 py-2 text-sm focus:border-blue-500 focus:outline-none focus:ring-1 focus:ring-blue-500">…</select>
      - attempting select option action
        2 × waiting for element to be visible and enabled
          - did not find some options
        - retrying select option action
        - waiting 20ms
        2 × waiting for element to be visible and enabled
          - did not find some options
        - retrying select option action
          - waiting 100ms
        59 × waiting for element to be visible and enabled
           - did not find some options
         - retrying select option action
           - waiting 500ms


      186 |       // Test select dropdown
      187 |       const select = page.locator('select').first();
    > 188 |       await select.selectOption('option2');
          |                    ^
      189 |       await expect(select).toHaveValue('option2');
      190 |       
      191 |       // Test textarea
        at /Users/ptpsolutionteam/GitLab/jongque/tests/comprehensive.spec.ts:188:20

    attachment #1: screenshot (image/png) ──────────────────────────────────────────────────────────
    ../test-results/comprehensive-JongQue-Appl-86d4b-teract-with-form-components-chromium/test-failed-1.png
    ────────────────────────────────────────────────────────────────────────────────────────────────

    attachment #2: video (video/webm) ──────────────────────────────────────────────────────────────
    ../test-results/comprehensive-JongQue-Appl-86d4b-teract-with-form-components-chromium/video.webm
    ────────────────────────────────────────────────────────────────────────────────────────────────

    Error Context: ../test-results/comprehensive-JongQue-Appl-86d4b-teract-with-form-components-chromium/error-context.md
]]>
</failure>
<system-out>
<![CDATA[
[[ATTACHMENT|comprehensive-JongQue-Appl-86d4b-teract-with-form-components-chromium/test-failed-1.png]]

[[ATTACHMENT|comprehensive-JongQue-Appl-86d4b-teract-with-form-components-chromium/video.webm]]

[[ATTACHMENT|comprehensive-JongQue-Appl-86d4b-teract-with-form-components-chromium/error-context.md]]
]]>
</system-out>
</testcase>
<testcase name="JongQue Application - Comprehensive Tests › PWA Features › should display PWA test page" classname="comprehensive.spec.ts" time="1.06">
</testcase>
<testcase name="JongQue Application - Comprehensive Tests › PWA Features › should have PWA manifest" classname="comprehensive.spec.ts" time="1.271">
</testcase>
<testcase name="JongQue Application - Comprehensive Tests › PWA Features › should load manifest.json" classname="comprehensive.spec.ts" time="0.125">
<failure message="comprehensive.spec.ts:225:9 should load manifest.json" type="FAILURE">
<![CDATA[  [chromium] › comprehensive.spec.ts:225:9 › JongQue Application - Comprehensive Tests › PWA Features › should load manifest.json 

    Error: expect(received).toBe(expected) // Object.is equality

    Expected: "JongQue"
    Received: "JongQue - ระบบจองคิวออนไลน์"

      228 |       
      229 |       const manifest = await response.json();
    > 230 |       expect(manifest.name).toBe('JongQue');
          |                             ^
      231 |       expect(manifest.short_name).toBe('JongQue');
      232 |       expect(manifest.start_url).toBe('/');
      233 |     });
        at /Users/ptpsolutionteam/GitLab/jongque/tests/comprehensive.spec.ts:230:29

    attachment #1: screenshot (image/png) ──────────────────────────────────────────────────────────
    ../test-results/comprehensive-JongQue-Appl-2bb51-s-should-load-manifest-json-chromium/test-failed-1.png
    ────────────────────────────────────────────────────────────────────────────────────────────────

    attachment #2: video (video/webm) ──────────────────────────────────────────────────────────────
    ../test-results/comprehensive-JongQue-Appl-2bb51-s-should-load-manifest-json-chromium/video.webm
    ────────────────────────────────────────────────────────────────────────────────────────────────
]]>
</failure>
<system-out>
<![CDATA[
[[ATTACHMENT|comprehensive-JongQue-Appl-2bb51-s-should-load-manifest-json-chromium/test-failed-1.png]]

[[ATTACHMENT|comprehensive-JongQue-Appl-2bb51-s-should-load-manifest-json-chromium/video.webm]]
]]>
</system-out>
</testcase>
<testcase name="JongQue Application - Comprehensive Tests › PWA Features › should have service worker registration" classname="comprehensive.spec.ts" time="0.452">
</testcase>
<testcase name="JongQue Application - Comprehensive Tests › Redis Test Page › should display Redis test page" classname="comprehensive.spec.ts" time="1.313">
</testcase>
<testcase name="JongQue Application - Comprehensive Tests › API Endpoints › should respond to health check endpoint" classname="comprehensive.spec.ts" time="0.355">
<failure message="comprehensive.spec.ts:258:9 should respond to health check endpoint" type="FAILURE">
<![CDATA[  [chromium] › comprehensive.spec.ts:258:9 › JongQue Application - Comprehensive Tests › API Endpoints › should respond to health check endpoint 

    Error: expect(received).toBe(expected) // Object.is equality

    Expected: 200
    Received: 503

      258 |     test('should respond to health check endpoint', async ({ page }) => {
      259 |       const response = await page.request.get('/api/health');
    > 260 |       expect(response.status()).toBe(200);
          |                                 ^
      261 |       
      262 |       const data = await response.json();
      263 |       expect(data.status).toBe('ok');
        at /Users/ptpsolutionteam/GitLab/jongque/tests/comprehensive.spec.ts:260:33

    attachment #1: screenshot (image/png) ──────────────────────────────────────────────────────────
    ../test-results/comprehensive-JongQue-Appl-bfd4f-nd-to-health-check-endpoint-chromium/test-failed-1.png
    ────────────────────────────────────────────────────────────────────────────────────────────────

    attachment #2: video (video/webm) ──────────────────────────────────────────────────────────────
    ../test-results/comprehensive-JongQue-Appl-bfd4f-nd-to-health-check-endpoint-chromium/video.webm
    ────────────────────────────────────────────────────────────────────────────────────────────────
]]>
</failure>
<system-out>
<![CDATA[
[[ATTACHMENT|comprehensive-JongQue-Appl-bfd4f-nd-to-health-check-endpoint-chromium/test-failed-1.png]]

[[ATTACHMENT|comprehensive-JongQue-Appl-bfd4f-nd-to-health-check-endpoint-chromium/video.webm]]
]]>
</system-out>
</testcase>
<testcase name="JongQue Application - Comprehensive Tests › API Endpoints › should respond to simple health check" classname="comprehensive.spec.ts" time="0.14">
</testcase>
<testcase name="JongQue Application - Comprehensive Tests › API Endpoints › should have NextAuth endpoints" classname="comprehensive.spec.ts" time="0.268">
</testcase>
<testcase name="JongQue Application - Comprehensive Tests › Error Handling › should handle 404 pages gracefully" classname="comprehensive.spec.ts" time="0.684">
</testcase>
<testcase name="JongQue Application - Comprehensive Tests › Error Handling › should display auth error page" classname="comprehensive.spec.ts" time="1.05">
</testcase>
<testcase name="JongQue Application - Comprehensive Tests › Responsive Design › should be responsive on mobile" classname="comprehensive.spec.ts" time="0.957">
</testcase>
<testcase name="JongQue Application - Comprehensive Tests › Responsive Design › should be responsive on tablet" classname="comprehensive.spec.ts" time="1.223">
</testcase>
<testcase name="JongQue Application - Comprehensive Tests › Responsive Design › should be responsive on desktop" classname="comprehensive.spec.ts" time="2.743">
</testcase>
<testcase name="JongQue Application - Comprehensive Tests › Performance and Loading › should load homepage quickly" classname="comprehensive.spec.ts" time="1.323">
</testcase>
<testcase name="JongQue Application - Comprehensive Tests › Performance and Loading › should have proper meta tags" classname="comprehensive.spec.ts" time="0.71">
</testcase>
<testcase name="JongQue Application - Comprehensive Tests › Security Headers › should have security headers" classname="comprehensive.spec.ts" time="0.659">
</testcase>
</testsuite>
<testsuite name="oauth.spec.ts" timestamp="2025-08-20T08:43:15.650Z" hostname="chromium" tests="19" failures="1" skipped="0" time="22.076" errors="0">
<testcase name="OAuth Integration Tests › OAuth Provider Configuration › should have all OAuth providers configured" classname="oauth.spec.ts" time="0.159">
</testcase>
<testcase name="OAuth Integration Tests › OAuth Provider Configuration › should have OAuth callback routes" classname="oauth.spec.ts" time="0.792">
<failure message="oauth.spec.ts:37:9 should have OAuth callback routes" type="FAILURE">
<![CDATA[  [chromium] › oauth.spec.ts:37:9 › OAuth Integration Tests › OAuth Provider Configuration › should have OAuth callback routes 

    Error: expect(received).toContain(expected) // indexOf

    Expected value: 200
    Received array: [400, 302, 307]

      43 |       // Test Facebook OAuth callback route exists
      44 |       const facebookCallback = await page.request.get('/api/auth/callback/facebook');
    > 45 |       expect([400, 302, 307]).toContain(facebookCallback.status());
         |                               ^
      46 |       
      47 |       // Test LINE OAuth callback route exists
      48 |       const lineCallback = await page.request.get('/api/auth/callback/line');
        at /Users/ptpsolutionteam/GitLab/jongque/tests/oauth.spec.ts:45:31

    attachment #1: screenshot (image/png) ──────────────────────────────────────────────────────────
    ../test-results/oauth-OAuth-Integration-Te-838c5--have-OAuth-callback-routes-chromium/test-failed-1.png
    ────────────────────────────────────────────────────────────────────────────────────────────────

    attachment #2: video (video/webm) ──────────────────────────────────────────────────────────────
    ../test-results/oauth-OAuth-Integration-Te-838c5--have-OAuth-callback-routes-chromium/video.webm
    ────────────────────────────────────────────────────────────────────────────────────────────────
]]>
</failure>
<system-out>
<![CDATA[
[[ATTACHMENT|oauth-OAuth-Integration-Te-838c5--have-OAuth-callback-routes-chromium/test-failed-1.png]]

[[ATTACHMENT|oauth-OAuth-Integration-Te-838c5--have-OAuth-callback-routes-chromium/video.webm]]
]]>
</system-out>
</testcase>
<testcase name="OAuth Integration Tests › OAuth UI Components › should display OAuth buttons on signin page" classname="oauth.spec.ts" time="1.202">
</testcase>
<testcase name="OAuth Integration Tests › OAuth UI Components › should display OAuth buttons on signup page" classname="oauth.spec.ts" time="1.233">
</testcase>
<testcase name="OAuth Integration Tests › OAuth UI Components › should have proper OAuth button styling" classname="oauth.spec.ts" time="1.087">
</testcase>
<testcase name="OAuth Integration Tests › Google OAuth Test Page › should display Google OAuth test interface" classname="oauth.spec.ts" time="1.086">
</testcase>
<testcase name="OAuth Integration Tests › Google OAuth Test Page › should show unauthenticated state initially" classname="oauth.spec.ts" time="1.063">
</testcase>
<testcase name="OAuth Integration Tests › Google OAuth Test Page › should display environment configuration status" classname="oauth.spec.ts" time="1.017">
</testcase>
<testcase name="OAuth Integration Tests › Google OAuth Test Page › should have setup instructions and links" classname="oauth.spec.ts" time="1.028">
</testcase>
<testcase name="OAuth Integration Tests › OAuth Error Handling › should handle OAuth errors gracefully" classname="oauth.spec.ts" time="0.946">
</testcase>
<testcase name="OAuth Integration Tests › OAuth Error Handling › should handle OAuth configuration errors" classname="oauth.spec.ts" time="1.171">
</testcase>
<testcase name="OAuth Integration Tests › OAuth Error Handling › should handle OAuth access denied" classname="oauth.spec.ts" time="1.178">
</testcase>
<testcase name="OAuth Integration Tests › OAuth Session Management › should handle session endpoint" classname="oauth.spec.ts" time="0.091">
</testcase>
<testcase name="OAuth Integration Tests › OAuth Session Management › should handle CSRF token endpoint" classname="oauth.spec.ts" time="0.148">
</testcase>
<testcase name="OAuth Integration Tests › OAuth Session Management › should handle signout endpoint" classname="oauth.spec.ts" time="0.184">
</testcase>
<testcase name="OAuth Integration Tests › OAuth Security › should have secure OAuth configuration" classname="oauth.spec.ts" time="0.112">
</testcase>
<testcase name="OAuth Integration Tests › OAuth Security › should use HTTPS for OAuth redirects in production" classname="oauth.spec.ts" time="0.097">
</testcase>
<testcase name="OAuth Integration Tests › OAuth Integration Flow Simulation › should simulate OAuth button clicks without actual authentication" classname="oauth.spec.ts" time="6.335">
</testcase>
<testcase name="OAuth Integration Tests › OAuth Integration Flow Simulation › should handle OAuth state parameter" classname="oauth.spec.ts" time="3.147">
<system-out>
<![CDATA[OAuth requests: [
  [32m'http://localhost:3000/api/auth/providers'[39m,
  [32m'http://localhost:3000/api/auth/csrf'[39m,
  [32m'http://localhost:3000/api/auth/signin/google'[39m,
  [32m'https://accounts.google.com/o/oauth2/v2/auth?client_id=dummy-google-id&scope=openid%20email%20profile&response_type=code&redirect_uri=http%3A%2F%2Flocalhost%3A3000%2Fapi%2Fauth%2Fcallback%2Fgoogle&state=Mf-jo8rUWx671wEqCxwvb8RFOBmNfo47-YOiNXzIekY&code_challenge=y0tQGlO483Uuw9vAAeVtWAZkqxa_rHi1EoPa5efDGU4&code_challenge_method=S256'[39m,
  [32m'https://accounts.google.com/signin/oauth/error?authError=Cg5pbnZhbGlkX2NsaWVudBIfVGhlIE9BdXRoIGNsaWVudCB3YXMgbm90IGZvdW5kLiCRAw%3D%3D&client_id=dummy-google-id&flowName=GeneralOAuthFlow'[39m,
  [32m'https://ssl.gstatic.com/accounts/static/_/js/k=gaia.gaiafe_materialnext.th.2LwF6afpm84.O/am=EAIDAuAV5B-8Q1h0CAP0nwSbGAyHAAAAAAAAAACMFQAAMIYVAAY/d=0/excm=mn_initial_css/ed=1/rs=ABkqax2Ql-_n64uyQXai78hQGjd4Wi8ijA/m=sy93,oautherrorpage'[39m
]
]]>
</system-out>
</testcase>
</testsuite>
<testsuite name="pwa.spec.ts" timestamp="2025-08-20T08:43:15.650Z" hostname="chromium" tests="23" failures="4" skipped="0" time="26.28" errors="0">
<testcase name="PWA (Progressive Web App) Tests › PWA Manifest › should have valid PWA manifest" classname="pwa.spec.ts" time="0.127">
<failure message="pwa.spec.ts:6:9 should have valid PWA manifest" type="FAILURE">
<![CDATA[  [chromium] › pwa.spec.ts:6:9 › PWA (Progressive Web App) Tests › PWA Manifest › should have valid PWA manifest 

    Error: expect(received).toBe(expected) // Object.is equality

    Expected: "portrait"
    Received: "portrait-primary"

      15 |       expect(manifest.start_url).toBe('/');
      16 |       expect(manifest.display).toBe('standalone');
    > 17 |       expect(manifest.orientation).toBe('portrait');
         |                                    ^
      18 |       
      19 |       // Check theme colors
      20 |       expect(manifest.theme_color).toBeDefined();
        at /Users/ptpsolutionteam/GitLab/jongque/tests/pwa.spec.ts:17:36

    attachment #1: screenshot (image/png) ──────────────────────────────────────────────────────────
    ../test-results/pwa-PWA-Progressive-Web-Ap-9e476-uld-have-valid-PWA-manifest-chromium/test-failed-1.png
    ────────────────────────────────────────────────────────────────────────────────────────────────

    attachment #2: video (video/webm) ──────────────────────────────────────────────────────────────
    ../test-results/pwa-PWA-Progressive-Web-Ap-9e476-uld-have-valid-PWA-manifest-chromium/video.webm
    ────────────────────────────────────────────────────────────────────────────────────────────────
]]>
</failure>
<system-out>
<![CDATA[
[[ATTACHMENT|pwa-PWA-Progressive-Web-Ap-9e476-uld-have-valid-PWA-manifest-chromium/test-failed-1.png]]

[[ATTACHMENT|pwa-PWA-Progressive-Web-Ap-9e476-uld-have-valid-PWA-manifest-chromium/video.webm]]
]]>
</system-out>
</testcase>
<testcase name="PWA (Progressive Web App) Tests › PWA Manifest › should have manifest linked in HTML" classname="pwa.spec.ts" time="0.498">
</testcase>
<testcase name="PWA (Progressive Web App) Tests › PWA Manifest › should have proper meta tags for PWA" classname="pwa.spec.ts" time="0.646">
<failure message="pwa.spec.ts:54:9 should have proper meta tags for PWA" type="FAILURE">
<![CDATA[  [chromium] › pwa.spec.ts:54:9 › PWA (Progressive Web App) Tests › PWA Manifest › should have proper meta tags for PWA 

    Error: expect.toBeAttached: Error: strict mode violation: locator('link[rel="apple-touch-icon"]') resolved to 2 elements:
        1) <link sizes="152x152" type="image/svg+xml" rel="apple-touch-icon" href="/icons/icon-152x152.svg"/> aka locator('link:nth-child(15)')
        2) <link sizes="192x192" type="image/svg+xml" rel="apple-touch-icon" href="/icons/icon-192x192.svg"/> aka locator('link:nth-child(16)')

    Call log:
      - Expect "toBeAttached" with timeout 5000ms
      - waiting for locator('link[rel="apple-touch-icon"]')


      66 |       // Check apple touch icon
      67 |       const appleTouchIcon = page.locator('link[rel="apple-touch-icon"]');
    > 68 |       await expect(appleTouchIcon).toBeAttached();
         |                                    ^
      69 |     });
      70 |   });
      71 |
        at /Users/ptpsolutionteam/GitLab/jongque/tests/pwa.spec.ts:68:36

    attachment #1: screenshot (image/png) ──────────────────────────────────────────────────────────
    ../test-results/pwa-PWA-Progressive-Web-Ap-19800-ve-proper-meta-tags-for-PWA-chromium/test-failed-1.png
    ────────────────────────────────────────────────────────────────────────────────────────────────

    attachment #2: video (video/webm) ──────────────────────────────────────────────────────────────
    ../test-results/pwa-PWA-Progressive-Web-Ap-19800-ve-proper-meta-tags-for-PWA-chromium/video.webm
    ────────────────────────────────────────────────────────────────────────────────────────────────

    Error Context: ../test-results/pwa-PWA-Progressive-Web-Ap-19800-ve-proper-meta-tags-for-PWA-chromium/error-context.md
]]>
</failure>
<system-out>
<![CDATA[
[[ATTACHMENT|pwa-PWA-Progressive-Web-Ap-19800-ve-proper-meta-tags-for-PWA-chromium/test-failed-1.png]]

[[ATTACHMENT|pwa-PWA-Progressive-Web-Ap-19800-ve-proper-meta-tags-for-PWA-chromium/video.webm]]

[[ATTACHMENT|pwa-PWA-Progressive-Web-Ap-19800-ve-proper-meta-tags-for-PWA-chromium/error-context.md]]
]]>
</system-out>
</testcase>
<testcase name="PWA (Progressive Web App) Tests › Service Worker › should have service worker files" classname="pwa.spec.ts" time="0.125">
</testcase>
<testcase name="PWA (Progressive Web App) Tests › Service Worker › should register service worker in browser" classname="pwa.spec.ts" time="2.673">
</testcase>
<testcase name="PWA (Progressive Web App) Tests › Service Worker › should have service worker registration script" classname="pwa.spec.ts" time="0.556">
</testcase>
<testcase name="PWA (Progressive Web App) Tests › PWA Icons › should have all required icon sizes" classname="pwa.spec.ts" time="0.5">
</testcase>
<testcase name="PWA (Progressive Web App) Tests › PWA Icons › should have favicon" classname="pwa.spec.ts" time="0.663">
</testcase>
<testcase name="PWA (Progressive Web App) Tests › PWA Icons › should have apple touch icons" classname="pwa.spec.ts" time="0.593">
</testcase>
<testcase name="PWA (Progressive Web App) Tests › PWA Installation › should display PWA install button" classname="pwa.spec.ts" time="1.147">
<failure message="pwa.spec.ts:172:9 should display PWA install button" type="FAILURE">
<![CDATA[  [chromium] › pwa.spec.ts:172:9 › PWA (Progressive Web App) Tests › PWA Installation › should display PWA install button 

    Error: expect(received).toBe(expected) // Object.is equality

    Expected: true
    Received: false

      179 |       // Just check if it exists in DOM
      180 |       const buttonExists = await installButton.count() > 0;
    > 181 |       expect(buttonExists).toBe(true);
          |                            ^
      182 |     });
      183 |
      184 |     test('should handle beforeinstallprompt event', async ({ page }) => {
        at /Users/ptpsolutionteam/GitLab/jongque/tests/pwa.spec.ts:181:28

    attachment #1: screenshot (image/png) ──────────────────────────────────────────────────────────
    ../test-results/pwa-PWA-Progressive-Web-Ap-b9b5d--display-PWA-install-button-chromium/test-failed-1.png
    ────────────────────────────────────────────────────────────────────────────────────────────────

    attachment #2: video (video/webm) ──────────────────────────────────────────────────────────────
    ../test-results/pwa-PWA-Progressive-Web-Ap-b9b5d--display-PWA-install-button-chromium/video.webm
    ────────────────────────────────────────────────────────────────────────────────────────────────

    Error Context: ../test-results/pwa-PWA-Progressive-Web-Ap-b9b5d--display-PWA-install-button-chromium/error-context.md
]]>
</failure>
<system-out>
<![CDATA[
[[ATTACHMENT|pwa-PWA-Progressive-Web-Ap-b9b5d--display-PWA-install-button-chromium/test-failed-1.png]]

[[ATTACHMENT|pwa-PWA-Progressive-Web-Ap-b9b5d--display-PWA-install-button-chromium/video.webm]]

[[ATTACHMENT|pwa-PWA-Progressive-Web-Ap-b9b5d--display-PWA-install-button-chromium/error-context.md]]
]]>
</system-out>
</testcase>
<testcase name="PWA (Progressive Web App) Tests › PWA Installation › should handle beforeinstallprompt event" classname="pwa.spec.ts" time="0.398">
</testcase>
<testcase name="PWA (Progressive Web App) Tests › PWA Installation › should be installable as PWA" classname="pwa.spec.ts" time="0.543">
</testcase>
<testcase name="PWA (Progressive Web App) Tests › PWA Caching › should cache static assets" classname="pwa.spec.ts" time="4.331">
</testcase>
<testcase name="PWA (Progressive Web App) Tests › PWA Caching › should work offline (basic test)" classname="pwa.spec.ts" time="4.489">
</testcase>
<testcase name="PWA (Progressive Web App) Tests › PWA Test Page › should display PWA test interface" classname="pwa.spec.ts" time="1.089">
</testcase>
<testcase name="PWA (Progressive Web App) Tests › PWA Test Page › should show PWA installation status" classname="pwa.spec.ts" time="1.026">
</testcase>
<testcase name="PWA (Progressive Web App) Tests › PWA Screenshots › should have PWA screenshots for app store" classname="pwa.spec.ts" time="0.063">
</testcase>
<testcase name="PWA (Progressive Web App) Tests › PWA Performance › should load quickly on first visit" classname="pwa.spec.ts" time="0.975">
</testcase>
<testcase name="PWA (Progressive Web App) Tests › PWA Performance › should load even faster on repeat visits (caching)" classname="pwa.spec.ts" time="4.199">
</testcase>
<testcase name="PWA (Progressive Web App) Tests › PWA Security › should serve over HTTPS in production" classname="pwa.spec.ts" time="0.082">
<failure message="pwa.spec.ts:332:9 should serve over HTTPS in production" type="FAILURE">
<![CDATA[  [chromium] › pwa.spec.ts:332:9 › PWA (Progressive Web App) Tests › PWA Security › should serve over HTTPS in production 

    Error: expect(received).toBe(expected) // Object.is equality

    Expected: true
    Received: false

      339 |                       url.startsWith('http://127.0.0.1');
      340 |       
    > 341 |       expect(isSecure).toBe(true);
          |                        ^
      342 |     });
      343 |
      344 |     test('should have secure service worker', async ({ page }) => {
        at /Users/ptpsolutionteam/GitLab/jongque/tests/pwa.spec.ts:341:24

    attachment #1: screenshot (image/png) ──────────────────────────────────────────────────────────
    ../test-results/pwa-PWA-Progressive-Web-Ap-344f1-ve-over-HTTPS-in-production-chromium/test-failed-1.png
    ────────────────────────────────────────────────────────────────────────────────────────────────

    attachment #2: video (video/webm) ──────────────────────────────────────────────────────────────
    ../test-results/pwa-PWA-Progressive-Web-Ap-344f1-ve-over-HTTPS-in-production-chromium/video.webm
    ────────────────────────────────────────────────────────────────────────────────────────────────
]]>
</failure>
<system-out>
<![CDATA[
[[ATTACHMENT|pwa-PWA-Progressive-Web-Ap-344f1-ve-over-HTTPS-in-production-chromium/test-failed-1.png]]

[[ATTACHMENT|pwa-PWA-Progressive-Web-Ap-344f1-ve-over-HTTPS-in-production-chromium/video.webm]]
]]>
</system-out>
</testcase>
<testcase name="PWA (Progressive Web App) Tests › PWA Security › should have secure service worker" classname="pwa.spec.ts" time="0.109">
</testcase>
<testcase name="PWA (Progressive Web App) Tests › PWA Accessibility › should have proper PWA meta tags for accessibility" classname="pwa.spec.ts" time="0.46">
</testcase>
<testcase name="PWA (Progressive Web App) Tests › PWA Accessibility › should work with keyboard navigation" classname="pwa.spec.ts" time="0.988">
</testcase>
</testsuite>
<testsuite name="simple.spec.ts" timestamp="2025-08-20T08:43:15.650Z" hostname="chromium" tests="14" failures="0" skipped="0" time="15.27" errors="0">
<testcase name="JongQue Application - Essential Tests › Basic Functionality › should load homepage successfully" classname="simple.spec.ts" time="0.949">
</testcase>
<testcase name="JongQue Application - Essential Tests › Basic Functionality › should navigate to test pages" classname="simple.spec.ts" time="4.748">
</testcase>
<testcase name="JongQue Application - Essential Tests › Basic Functionality › should load authentication pages" classname="simple.spec.ts" time="2.338">
</testcase>
<testcase name="JongQue Application - Essential Tests › API Health Checks › should respond to health endpoints" classname="simple.spec.ts" time="0.281">
</testcase>
<testcase name="JongQue Application - Essential Tests › API Health Checks › should have NextAuth providers" classname="simple.spec.ts" time="0.098">
</testcase>
<testcase name="JongQue Application - Essential Tests › PWA Features › should have PWA manifest" classname="simple.spec.ts" time="0.081">
</testcase>
<testcase name="JongQue Application - Essential Tests › PWA Features › should have service worker files" classname="simple.spec.ts" time="0.122">
</testcase>
<testcase name="JongQue Application - Essential Tests › PWA Features › should have PWA icons" classname="simple.spec.ts" time="0.162">
</testcase>
<testcase name="JongQue Application - Essential Tests › Error Handling › should handle 404 pages" classname="simple.spec.ts" time="0.552">
</testcase>
<testcase name="JongQue Application - Essential Tests › Error Handling › should load error pages" classname="simple.spec.ts" time="1.028">
</testcase>
<testcase name="JongQue Application - Essential Tests › Responsive Design › should work on mobile viewport" classname="simple.spec.ts" time="1.958">
</testcase>
<testcase name="JongQue Application - Essential Tests › Responsive Design › should work on desktop viewport" classname="simple.spec.ts" time="1.905">
</testcase>
<testcase name="JongQue Application - Essential Tests › Performance › should load pages within reasonable time" classname="simple.spec.ts" time="0.936">
</testcase>
<testcase name="JongQue Application - Essential Tests › Security › should not expose sensitive information" classname="simple.spec.ts" time="0.112">
</testcase>
</testsuite>
</testsuites>